Unable to capture context for thread 19844 in process 17876, can not generate back trace
Exception at PC 0x00007FFB97C4D759
Unable to capture context for thread 19844 in process 17876, can not generate back trace
Exception at PC 0x00007FFAEDB7BB93
Printing stacktrace...

Exception at PC 0x00007FFB97C4D759
Exception at PC 0x00007FFB97C4D759
Exception at PC 0x00007FFB97C4D759
Exception at PC 0x00007FFB97C4D759
Exception at PC 0x00007FFB97C4D759
Exception at PC 0x00007FFB97C4D759
Exception at PC 0x00007FFB97C4D759
Exception at PC 0x00007FFB97C4D759
Exception at PC 0x00007FFB97C4D759
Exception at PC 0x00007FFB97C4D759
[0]  [0x00007FFAEDB7BB93]
[1]  [0x00007FFAEDB7BB93]
[2]  [0x00007FFAEDB7B4A1]
[3]  [0x00007FFAEDB7B3EF]
[4]  [0x00007FFAEDB619FE]
[5]  [0x00007FFAEDB60ED1]
[6]  [0x00007FFAEDB60D76]
[7]  [0x00007FFAEDB079F6]
[8]  [0x00007FFAEDAF7AFB]
[9]  [0x00007FFAEDC1E90A]
[10]  [0x00007FFAEDC39F87]
[11]  [0x00007FFAEDC3A05F]
[12] (BaseThreadInitThunk+0x14) [0x00007FFB996C7034]
[13] (RtlUserThreadStart+0x21) [0x00007FFB9A0BD0D1]
Done
Exception at PC 0x00007FFB97C4D759
Exception at PC 0x00007FFB97C4D759
Exception at PC 0x00007FFB97C4D759
Exception at PC 0x00007FFB97C4D759
Exception at PC 0x00007FFB97C4D759
Exception at PC 0x00007FFB97C4D759
Exception at PC 0x00007FFB97C4D759
